have_header: checking for vm_core.h... -------------------- no

"gcc -o conftest.exe -IC:/Ruby30-x64/include/ruby-3.0.0/x64-mingw32 -IC:/Ruby30-x64/include/ruby-3.0.0/ruby/backward -IC:/Ruby30-x64/include/ruby-3.0.0 -I. -D__USE_MINGW_ANSI_STDIO=1 -DFD_SETSIZE=2048 -D_WIN32_WINNT=0x0600 -D__MINGW_USE_VC2005_COMPAT -D_FILE_OFFSET_BITS=64  -O3 -fno-fast-math -fstack-protector-strong conftest.c  -L. -LC:/Ruby30-x64/lib -L. -pipe -s -fstack-protector-strong -Wl,--no-as-needed  -m64   -lx64-msvcrt-ruby300  -lshell32 -lws2_32 -liphlpapi -limagehlp -lshlwapi  "
checked program was:
/* begin */
1: #include "ruby.h"
2: 
3: #include <winsock2.h>
4: #include <windows.h>
5: int main(int argc, char **argv)
6: {
7:   return !!argv[argc];
8: }
/* end */

"gcc -E -IC:/Ruby30-x64/include/ruby-3.0.0/x64-mingw32 -IC:/Ruby30-x64/include/ruby-3.0.0/ruby/backward -IC:/Ruby30-x64/include/ruby-3.0.0 -I. -D__USE_MINGW_ANSI_STDIO=1 -DFD_SETSIZE=2048 -D_WIN32_WINNT=0x0600 -D__MINGW_USE_VC2005_COMPAT -D_FILE_OFFSET_BITS=64  -O3 -fno-fast-math -fstack-protector-strong  conftest.c -o conftest.i"
conftest.c:5:10: fatal error: vm_core.h: No such file or directory
    5 | #include <vm_core.h>
      |          ^~~~~~~~~~~
compilation terminated.
checked program was:
/* begin */
1: #include "ruby.h"
2: 
3: #include <winsock2.h>
4: #include <windows.h>
5: #include <vm_core.h>
/* end */

--------------------

have_header: checking for vm_core.h... -------------------- no

"gcc -E -IC:/Ruby30-x64/include/ruby-3.0.0/x64-mingw32 -IC:/Ruby30-x64/include/ruby-3.0.0/ruby/backward -IC:/Ruby30-x64/include/ruby-3.0.0 -I. -IC:/Ruby30-x64/include/ruby-3.0.0/ruby-3.0.4-p208 -O3 -fno-fast-math -fstack-protector-strong  conftest.c -o conftest.i"
conftest.c:5:10: fatal error: vm_core.h: No such file or directory
    5 | #include <vm_core.h>
      |          ^~~~~~~~~~~
compilation terminated.
checked program was:
/* begin */
1: #include "ruby.h"
2: 
3: #include <winsock2.h>
4: #include <windows.h>
5: #include <vm_core.h>
/* end */

--------------------

have_header: checking for vm_core.h... -------------------- yes

"gcc -E -IC:/Ruby30-x64/include/ruby-3.0.0/x64-mingw32 -IC:/Ruby30-x64/include/ruby-3.0.0/ruby/backward -IC:/Ruby30-x64/include/ruby-3.0.0 -I. -IC:/Users/ommox/workspace/10_RUBY_TWEET_APP/tweet_app/vendor/bundler/ruby/3.0.0/gems/debase-ruby_core_source-0.10.16/lib/debase/ruby_core_source/ruby-3.0.0-p0 -O3 -fno-fast-math -fstack-protector-strong  conftest.c -o conftest.i"
checked program was:
/* begin */
1: #include "ruby.h"
2: 
3: #include <winsock2.h>
4: #include <windows.h>
5: #include <vm_core.h>
/* end */

--------------------

have_header: checking for iseq.h... -------------------- yes

"gcc -E -IC:/Ruby30-x64/include/ruby-3.0.0/x64-mingw32 -IC:/Ruby30-x64/include/ruby-3.0.0/ruby/backward -IC:/Ruby30-x64/include/ruby-3.0.0 -I. -IC:/Users/ommox/workspace/10_RUBY_TWEET_APP/tweet_app/vendor/bundler/ruby/3.0.0/gems/debase-ruby_core_source-0.10.16/lib/debase/ruby_core_source/ruby-3.0.0-p0 -O3 -fno-fast-math -fstack-protector-strong  conftest.c -o conftest.i"
checked program was:
/* begin */
1: #include "ruby.h"
2: 
3: #include <winsock2.h>
4: #include <windows.h>
5: #include <iseq.h>
/* end */

--------------------

have_header: checking for version.h... -------------------- yes

"gcc -E -IC:/Ruby30-x64/include/ruby-3.0.0/x64-mingw32 -IC:/Ruby30-x64/include/ruby-3.0.0/ruby/backward -IC:/Ruby30-x64/include/ruby-3.0.0 -I. -IC:/Users/ommox/workspace/10_RUBY_TWEET_APP/tweet_app/vendor/bundler/ruby/3.0.0/gems/debase-ruby_core_source-0.10.16/lib/debase/ruby_core_source/ruby-3.0.0-p0 -O3 -fno-fast-math -fstack-protector-strong  conftest.c -o conftest.i"
checked program was:
/* begin */
1: #include "ruby.h"
2: 
3: #include <winsock2.h>
4: #include <windows.h>
5: #include <version.h>
/* end */

--------------------

